PS C:\Users\Arminas\Desktop\firmware_oem_galaxy_a52s_5g_a52sxq> .\build.cmd

  _______        __  _____      _                  _
 |  ___\ \      / / | ____|_  _| |_ _ __ __ _  ___| |_ ___  _ __
 | |_   \ \ /\ / /  |  _| \ \/ / __| '__/ _` |/ __| __/ _ \| '__|
 |  _|   \ V  V /   | |___ >  <| |_| | | (_| | (__| || (_) | |
 |_|      \_/\_/    |_____/_/\_\\__|_|  \__,_|\___|\__\___/|_|


Target: A52sxq
SoC   : SM7325
RKH   : 2169476B5DB4A43D2475C40CA2A3B122CECD15361F437C488D7FE785FB6E8409 (Samsung Firmware Origin Attestation CA)

File Not Found
File Not Found
Checking MBN files validity... (This may take a while!)

File: C:\Users\Arminas\Desktop\firmware_oem_galaxy_a52s_5g_a52sxq\extracted\vendor\firmware\evass-lt.mbn
RKH : 959B8D0549EF41BEFABC24F51EFE84FEE366AC169AB04A0DB30C799B324FD798

C:\Users\Arminas\Desktop\firmware_oem_galaxy_a52s_5g_a52sxq\extracted\vendor\firmware\evass-lt.mbn is a valid MBN file and is not production signed (959B8D0549EF41BEFABC24F51EFE84FEE366AC169AB04A0DB30C799B324FD798). Moving...
        1 file(s) moved.

File: C:\Users\Arminas\Desktop\firmware_oem_galaxy_a52s_5g_a52sxq\extracted\vendor\firmware\evass.mbn
RKH : 959B8D0549EF41BEFABC24F51EFE84FEE366AC169AB04A0DB30C799B324FD798

C:\Users\Arminas\Desktop\firmware_oem_galaxy_a52s_5g_a52sxq\extracted\vendor\firmware\evass.mbn is a valid MBN file and is not production signed (959B8D0549EF41BEFABC24F51EFE84FEE366AC169AB04A0DB30C799B324FD798). Moving...
A subdirectory or file unsigned\\extracted\vendor\firmware\ already exists.
        1 file(s) moved.

File: C:\Users\Arminas\Desktop\firmware_oem_galaxy_a52s_5g_a52sxq\extracted\vendor\firmware\msbtfw11.mbn
RKH : F8AB20526358C4FA4CEF96D78C45180DC3DB75E8F24051AD624448C134B4E861

C:\Users\Arminas\Desktop\firmware_oem_galaxy_a52s_5g_a52sxq\extracted\vendor\firmware\msbtfw11.mbn is a valid MBN file and is not production signed (F8AB20526358C4FA4CEF96D78C45180DC3DB75E8F24051AD624448C134B4E861). Moving...
A subdirectory or file unsigned\\extracted\vendor\firmware\ already exists.
        1 file(s) moved.

File: C:\Users\Arminas\Desktop\firmware_oem_galaxy_a52s_5g_a52sxq\extracted\vendor\firmware-modem\image\modem_pr\mcfg\configs\mcfg_hw\generic\common\Kodiak\STANDALONE\LA\DSDS\mcfg_hw.mbn
RKH : 2169476B5DB4A43D2475C40CA2A3B122CECD15361F437C488D7FE785FB6E8409


File: C:\Users\Arminas\Desktop\firmware_oem_galaxy_a52s_5g_a52sxq\extracted\vendor\firmware-modem\image\modem_pr\mcfg\configs\mcfg_hw\generic\common\Kodiak\STANDALONE\LA\DSDS_CDMALess\mcfg_hw.mbn
RKH : 959B8D0549EF41BEFABC24F51EFE84FEE366AC169AB04A0DB30C799B324FD798

C:\Users\Arminas\Desktop\firmware_oem_galaxy_a52s_5g_a52sxq\extracted\vendor\firmware-modem\image\modem_pr\mcfg\configs\mcfg_hw\generic\common\Kodiak\STANDALONE\LA\DSDS_CDMALess\mcfg_hw.mbn is a valid MBN file and is not production signed (959B8D0549EF41BEFABC24F51EFE84FEE366AC169AB04A0DB30C799B324FD798). Moving...
        1 file(s) moved.

File: C:\Users\Arminas\Desktop\firmware_oem_galaxy_a52s_5g_a52sxq\extracted\vendor\firmware-modem\image\modem_pr\mcfg\configs\mcfg_hw\generic\common\Kodiak\STANDALONE\LA\SS\mcfg_hw.mbn
RKH : 959B8D0549EF41BEFABC24F51EFE84FEE366AC169AB04A0DB30C799B324FD798

C:\Users\Arminas\Desktop\firmware_oem_galaxy_a52s_5g_a52sxq\extracted\vendor\firmware-modem\image\modem_pr\mcfg\configs\mcfg_hw\generic\common\Kodiak\STANDALONE\LA\SS\mcfg_hw.mbn is a valid MBN file and is not production signed (959B8D0549EF41BEFABC24F51EFE84FEE366AC169AB04A0DB30C799B324FD798). Moving...
        1 file(s) moved.

File: C:\Users\Arminas\Desktop\firmware_oem_galaxy_a52s_5g_a52sxq\extracted\vendor\firmware-modem\image\modem_pr\mcfg\configs\mcfg_hw\generic\common\Kodiak\STANDALONE\LA\SS_CDMALess\mcfg_hw.mbn
RKH : 959B8D0549EF41BEFABC24F51EFE84FEE366AC169AB04A0DB30C799B324FD798

C:\Users\Arminas\Desktop\firmware_oem_galaxy_a52s_5g_a52sxq\extracted\vendor\firmware-modem\image\modem_pr\mcfg\configs\mcfg_hw\generic\common\Kodiak\STANDALONE\LA\SS_CDMALess\mcfg_hw.mbn is a valid MBN file and is not production signed (959B8D0549EF41BEFABC24F51EFE84FEE366AC169AB04A0DB30C799B324FD798). Moving...
        1 file(s) moved.

File: C:\Users\Arminas\Desktop\firmware_oem_galaxy_a52s_5g_a52sxq\extracted\vendor\firmware-modem\image\modem_pr\mcfg\configs\mcfg_hw\generic\common\Kodiak\STANDALONE\LC\DSSA\mcfg_hw.mbn
RKH : 959B8D0549EF41BEFABC24F51EFE84FEE366AC169AB04A0DB30C799B324FD798

C:\Users\Arminas\Desktop\firmware_oem_galaxy_a52s_5g_a52sxq\extracted\vendor\firmware-modem\image\modem_pr\mcfg\configs\mcfg_hw\generic\common\Kodiak\STANDALONE\LC\DSSA\mcfg_hw.mbn is a valid MBN file and is not production signed (959B8D0549EF41BEFABC24F51EFE84FEE366AC169AB04A0DB30C799B324FD798). Moving...
        1 file(s) moved.

File: C:\Users\Arminas\Desktop\firmware_oem_galaxy_a52s_5g_a52sxq\extracted\vendor\firmware-modem\image\modem_pr\mcfg\configs\mcfg_hw\generic\common\Kodiak\STANDALONE\LC\SS\mcfg_hw.mbn
RKH : 959B8D0549EF41BEFABC24F51EFE84FEE366AC169AB04A0DB30C799B324FD798

C:\Users\Arminas\Desktop\firmware_oem_galaxy_a52s_5g_a52sxq\extracted\vendor\firmware-modem\image\modem_pr\mcfg\configs\mcfg_hw\generic\common\Kodiak\STANDALONE\LC\SS\mcfg_hw.mbn is a valid MBN file and is not production signed (959B8D0549EF41BEFABC24F51EFE84FEE366AC169AB04A0DB30C799B324FD798). Moving...
        1 file(s) moved.

File: C:\Users\Arminas\Desktop\firmware_oem_galaxy_a52s_5g_a52sxq\extracted\vendor\firmware-modem\image\modem_pr\mcfg\configs\mcfg_hw\generic\common\Kodiak\STANDALONE\WD\DSSA\mcfg_hw.mbn
RKH : 959B8D0549EF41BEFABC24F51EFE84FEE366AC169AB04A0DB30C799B324FD798

C:\Users\Arminas\Desktop\firmware_oem_galaxy_a52s_5g_a52sxq\extracted\vendor\firmware-modem\image\modem_pr\mcfg\configs\mcfg_hw\generic\common\Kodiak\STANDALONE\WD\DSSA\mcfg_hw.mbn is a valid MBN file and is not production signed (959B8D0549EF41BEFABC24F51EFE84FEE366AC169AB04A0DB30C799B324FD798). Moving...
        1 file(s) moved.

File: C:\Users\Arminas\Desktop\firmware_oem_galaxy_a52s_5g_a52sxq\extracted\vendor\firmware-modem\image\modem_pr\mcfg\configs\mcfg_hw\generic\common\Kodiak\STANDALONE\WD\SS\mcfg_hw.mbn
RKH : 959B8D0549EF41BEFABC24F51EFE84FEE366AC169AB04A0DB30C799B324FD798

C:\Users\Arminas\Desktop\firmware_oem_galaxy_a52s_5g_a52sxq\extracted\vendor\firmware-modem\image\modem_pr\mcfg\configs\mcfg_hw\generic\common\Kodiak\STANDALONE\WD\SS\mcfg_hw.mbn is a valid MBN file and is not production signed (959B8D0549EF41BEFABC24F51EFE84FEE366AC169AB04A0DB30C799B324FD798). Moving...
        1 file(s) moved.

File: C:\Users\Arminas\Desktop\firmware_oem_galaxy_a52s_5g_a52sxq\extracted\vendor\firmware-modem\image\modem_pr\mcfg\configs\mcfg_hw\generic\common\Kodiak\STANDALONE\WD_QSIP_DSSA\DSSA\mcfg_hw.mbn
RKH : 959B8D0549EF41BEFABC24F51EFE84FEE366AC169AB04A0DB30C799B324FD798

C:\Users\Arminas\Desktop\firmware_oem_galaxy_a52s_5g_a52sxq\extracted\vendor\firmware-modem\image\modem_pr\mcfg\configs\mcfg_hw\generic\common\Kodiak\STANDALONE\WD_QSIP_DSSA\DSSA\mcfg_hw.mbn is a valid MBN file and is not production signed (959B8D0549EF41BEFABC24F51EFE84FEE366AC169AB04A0DB30C799B324FD798). Moving...
        1 file(s) moved.

File: C:\Users\Arminas\Desktop\firmware_oem_galaxy_a52s_5g_a52sxq\extracted\vendor\firmware-modem\image\modem_pr\mcfg\configs\mcfg_hw\generic\common\Kodiak\STANDALONE\WD_QSIP_SS\SS\mcfg_hw.mbn
RKH : 959B8D0549EF41BEFABC24F51EFE84FEE366AC169AB04A0DB30C799B324FD798

C:\Users\Arminas\Desktop\firmware_oem_galaxy_a52s_5g_a52sxq\extracted\vendor\firmware-modem\image\modem_pr\mcfg\configs\mcfg_hw\generic\common\Kodiak\STANDALONE\WD_QSIP_SS\SS\mcfg_hw.mbn is a valid MBN file and is not production signed (959B8D0549EF41BEFABC24F51EFE84FEE366AC169AB04A0DB30C799B324FD798). Moving...
        1 file(s) moved.

File: C:\Users\Arminas\Desktop\firmware_oem_galaxy_a52s_5g_a52sxq\extracted\vendor\firmware-modem\image\modem_pr\mcfg\configs\mcfg_sw\generic\APAC\DCM\Commercial\mcfg_sw.mbn
RKH : 959B8D0549EF41BEFABC24F51EFE84FEE366AC169AB04A0DB30C799B324FD798

C:\Users\Arminas\Desktop\firmware_oem_galaxy_a52s_5g_a52sxq\extracted\vendor\firmware-modem\image\modem_pr\mcfg\configs\mcfg_sw\generic\APAC\DCM\Commercial\mcfg_sw.mbn is a valid MBN file and is not production signed (959B8D0549EF41BEFABC24F51EFE84FEE366AC169AB04A0DB30C799B324FD798). Moving...
        1 file(s) moved.

File: C:\Users\Arminas\Desktop\firmware_oem_galaxy_a52s_5g_a52sxq\extracted\vendor\firmware-modem\image\modem_pr\mcfg\configs\mcfg_sw\generic\APAC\KDDI\Commercial\mcfg_sw.mbn
RKH : 959B8D0549EF41BEFABC24F51EFE84FEE366AC169AB04A0DB30C799B324FD798

C:\Users\Arminas\Desktop\firmware_oem_galaxy_a52s_5g_a52sxq\extracted\vendor\firmware-modem\image\modem_pr\mcfg\configs\mcfg_sw\generic\APAC\KDDI\Commercial\mcfg_sw.mbn is a valid MBN file and is not production signed (959B8D0549EF41BEFABC24F51EFE84FEE366AC169AB04A0DB30C799B324FD798). Moving...
        1 file(s) moved.

File: C:\Users\Arminas\Desktop\firmware_oem_galaxy_a52s_5g_a52sxq\extracted\vendor\firmware-modem\image\modem_pr\mcfg\configs\mcfg_sw\generic\APAC\Rakuten\Commercial\mcfg_sw.mbn
RKH : 959B8D0549EF41BEFABC24F51EFE84FEE366AC169AB04A0DB30C799B324FD798

C:\Users\Arminas\Desktop\firmware_oem_galaxy_a52s_5g_a52sxq\extracted\vendor\firmware-modem\image\modem_pr\mcfg\configs\mcfg_sw\generic\APAC\Rakuten\Commercial\mcfg_sw.mbn is a valid MBN file and is not production signed (959B8D0549EF41BEFABC24F51EFE84FEE366AC169AB04A0DB30C799B324FD798). Moving...
        1 file(s) moved.

File: C:\Users\Arminas\Desktop\firmware_oem_galaxy_a52s_5g_a52sxq\extracted\vendor\firmware-modem\image\modem_pr\mcfg\configs\mcfg_sw\generic\APAC\SBM\Commercial\mcfg_sw.mbn
RKH : 959B8D0549EF41BEFABC24F51EFE84FEE366AC169AB04A0DB30C799B324FD798

C:\Users\Arminas\Desktop\firmware_oem_galaxy_a52s_5g_a52sxq\extracted\vendor\firmware-modem\image\modem_pr\mcfg\configs\mcfg_sw\generic\APAC\SBM\Commercial\mcfg_sw.mbn is a valid MBN file and is not production signed (959B8D0549EF41BEFABC24F51EFE84FEE366AC169AB04A0DB30C799B324FD798). Moving...
        1 file(s) moved.

File: C:\Users\Arminas\Desktop\firmware_oem_galaxy_a52s_5g_a52sxq\extracted\vendor\firmware-modem\image\modem_pr\mcfg\configs\mcfg_sw\generic\China\CMCC\Commercial\Volte_OpenMkt\mcfg_sw.mbn
RKH : 959B8D0549EF41BEFABC24F51EFE84FEE366AC169AB04A0DB30C799B324FD798

C:\Users\Arminas\Desktop\firmware_oem_galaxy_a52s_5g_a52sxq\extracted\vendor\firmware-modem\image\modem_pr\mcfg\configs\mcfg_sw\generic\China\CMCC\Commercial\Volte_OpenMkt\mcfg_sw.mbn is a valid MBN file and is not production signed (959B8D0549EF41BEFABC24F51EFE84FEE366AC169AB04A0DB30C799B324FD798). Moving...
        1 file(s) moved.

File: C:\Users\Arminas\Desktop\firmware_oem_galaxy_a52s_5g_a52sxq\extracted\vendor\firmware-modem\image\modem_pr\mcfg\configs\mcfg_sw\generic\China\CT\Commercial\VoLTE_OpenMkt\mcfg_sw.mbn
RKH : 959B8D0549EF41BEFABC24F51EFE84FEE366AC169AB04A0DB30C799B324FD798

C:\Users\Arminas\Desktop\firmware_oem_galaxy_a52s_5g_a52sxq\extracted\vendor\firmware-modem\image\modem_pr\mcfg\configs\mcfg_sw\generic\China\CT\Commercial\VoLTE_OpenMkt\mcfg_sw.mbn is a valid MBN file and is not production signed (959B8D0549EF41BEFABC24F51EFE84FEE366AC169AB04A0DB30C799B324FD798). Moving...
        1 file(s) moved.

File: C:\Users\Arminas\Desktop\firmware_oem_galaxy_a52s_5g_a52sxq\extracted\vendor\firmware-modem\image\modem_pr\mcfg\configs\mcfg_sw\generic\China\CU\Commercial\VoLTE\mcfg_sw.mbn
RKH : 959B8D0549EF41BEFABC24F51EFE84FEE366AC169AB04A0DB30C799B324FD798

C:\Users\Arminas\Desktop\firmware_oem_galaxy_a52s_5g_a52sxq\extracted\vendor\firmware-modem\image\modem_pr\mcfg\configs\mcfg_sw\generic\China\CU\Commercial\VoLTE\mcfg_sw.mbn is a valid MBN file and is not production signed (959B8D0549EF41BEFABC24F51EFE84FEE366AC169AB04A0DB30C799B324FD798). Moving...
        1 file(s) moved.

File: C:\Users\Arminas\Desktop\firmware_oem_galaxy_a52s_5g_a52sxq\extracted\vendor\firmware-modem\image\modem_pr\mcfg\configs\mcfg_sw\generic\common\ROW\Commercial\mcfg_sw.mbn
RKH : 2169476B5DB4A43D2475C40CA2A3B122CECD15361F437C488D7FE785FB6E8409


File: C:\Users\Arminas\Desktop\firmware_oem_galaxy_a52s_5g_a52sxq\extracted\vendor\firmware-modem\image\modem_pr\mcfg\configs\mcfg_sw\generic\EU\Bouygues\Commercial\France\mcfg_sw.mbn
RKH : 959B8D0549EF41BEFABC24F51EFE84FEE366AC169AB04A0DB30C799B324FD798

C:\Users\Arminas\Desktop\firmware_oem_galaxy_a52s_5g_a52sxq\extracted\vendor\firmware-modem\image\modem_pr\mcfg\configs\mcfg_sw\generic\EU\Bouygues\Commercial\France\mcfg_sw.mbn is a valid MBN file and is not production signed (959B8D0549EF41BEFABC24F51EFE84FEE366AC169AB04A0DB30C799B324FD798). Moving...
        1 file(s) moved.

File: C:\Users\Arminas\Desktop\firmware_oem_galaxy_a52s_5g_a52sxq\extracted\vendor\firmware-modem\image\modem_pr\mcfg\configs\mcfg_sw\generic\EU\DT\Commercial\Austria\mcfg_sw.mbn
RKH : 959B8D0549EF41BEFABC24F51EFE84FEE366AC169AB04A0DB30C799B324FD798

C:\Users\Arminas\Desktop\firmware_oem_galaxy_a52s_5g_a52sxq\extracted\vendor\firmware-modem\image\modem_pr\mcfg\configs\mcfg_sw\generic\EU\DT\Commercial\Austria\mcfg_sw.mbn is a valid MBN file and is not production signed (959B8D0549EF41BEFABC24F51EFE84FEE366AC169AB04A0DB30C799B324FD798). Moving...
        1 file(s) moved.

File: C:\Users\Arminas\Desktop\firmware_oem_galaxy_a52s_5g_a52sxq\extracted\vendor\firmware-modem\image\modem_pr\mcfg\configs\mcfg_sw\generic\EU\DT\Commercial\Croatia\mcfg_sw.mbn
RKH : 959B8D0549EF41BEFABC24F51EFE84FEE366AC169AB04A0DB30C799B324FD798

C:\Users\Arminas\Desktop\firmware_oem_galaxy_a52s_5g_a52sxq\extracted\vendor\firmware-modem\image\modem_pr\mcfg\configs\mcfg_sw\generic\EU\DT\Commercial\Croatia\mcfg_sw.mbn is a valid MBN file and is not production signed (959B8D0549EF41BEFABC24F51EFE84FEE366AC169AB04A0DB30C799B324FD798). Moving...
        1 file(s) moved.

File: C:\Users\Arminas\Desktop\firmware_oem_galaxy_a52s_5g_a52sxq\extracted\vendor\firmware-modem\image\modem_pr\mcfg\configs\mcfg_sw\generic\EU\DT\Commercial\CZ\mcfg_sw.mbn
RKH : 959B8D0549EF41BEFABC24F51EFE84FEE366AC169AB04A0DB30C799B324FD798

C:\Users\Arminas\Desktop\firmware_oem_galaxy_a52s_5g_a52sxq\extracted\vendor\firmware-modem\image\modem_pr\mcfg\configs\mcfg_sw\generic\EU\DT\Commercial\CZ\mcfg_sw.mbn is a valid MBN file and is not production signed (959B8D0549EF41BEFABC24F51EFE84FEE366AC169AB04A0DB30C799B324FD798). Moving...
        1 file(s) moved.

File: C:\Users\Arminas\Desktop\firmware_oem_galaxy_a52s_5g_a52sxq\extracted\vendor\firmware-modem\image\modem_pr\mcfg\configs\mcfg_sw\generic\EU\DT\Commercial\Greece\mcfg_sw.mbn
RKH : 959B8D0549EF41BEFABC24F51EFE84FEE366AC169AB04A0DB30C799B324FD798

C:\Users\Arminas\Desktop\firmware_oem_galaxy_a52s_5g_a52sxq\extracted\vendor\firmware-modem\image\modem_pr\mcfg\configs\mcfg_sw\generic\EU\DT\Commercial\Greece\mcfg_sw.mbn is a valid MBN file and is not production signed (959B8D0549EF41BEFABC24F51EFE84FEE366AC169AB04A0DB30C799B324FD798). Moving...
        1 file(s) moved.

File: C:\Users\Arminas\Desktop\firmware_oem_galaxy_a52s_5g_a52sxq\extracted\vendor\firmware-modem\image\modem_pr\mcfg\configs\mcfg_sw\generic\EU\DT\Commercial\Hungary\mcfg_sw.mbn
RKH : 959B8D0549EF41BEFABC24F51EFE84FEE366AC169AB04A0DB30C799B324FD798

C:\Users\Arminas\Desktop\firmware_oem_galaxy_a52s_5g_a52sxq\extracted\vendor\firmware-modem\image\modem_pr\mcfg\configs\mcfg_sw\generic\EU\DT\Commercial\Hungary\mcfg_sw.mbn is a valid MBN file and is not production signed (959B8D0549EF41BEFABC24F51EFE84FEE366AC169AB04A0DB30C799B324FD798). Moving...
        1 file(s) moved.

File: C:\Users\Arminas\Desktop\firmware_oem_galaxy_a52s_5g_a52sxq\extracted\vendor\firmware-modem\image\modem_pr\mcfg\configs\mcfg_sw\generic\EU\DT\Commercial\NL\mcfg_sw.mbn
RKH : 959B8D0549EF41BEFABC24F51EFE84FEE366AC169AB04A0DB30C799B324FD798

C:\Users\Arminas\Desktop\firmware_oem_galaxy_a52s_5g_a52sxq\extracted\vendor\firmware-modem\image\modem_pr\mcfg\configs\mcfg_sw\generic\EU\DT\Commercial\NL\mcfg_sw.mbn is a valid MBN file and is not production signed (959B8D0549EF41BEFABC24F51EFE84FEE366AC169AB04A0DB30C799B324FD798). Moving...
        1 file(s) moved.

File: C:\Users\Arminas\Desktop\firmware_oem_galaxy_a52s_5g_a52sxq\extracted\vendor\firmware-modem\image\modem_pr\mcfg\configs\mcfg_sw\generic\EU\DT\Commercial\PL\mcfg_sw.mbn
RKH : 959B8D0549EF41BEFABC24F51EFE84FEE366AC169AB04A0DB30C799B324FD798

C:\Users\Arminas\Desktop\firmware_oem_galaxy_a52s_5g_a52sxq\extracted\vendor\firmware-modem\image\modem_pr\mcfg\configs\mcfg_sw\generic\EU\DT\Commercial\PL\mcfg_sw.mbn is a valid MBN file and is not production signed (959B8D0549EF41BEFABC24F51EFE84FEE366AC169AB04A0DB30C799B324FD798). Moving...
        1 file(s) moved.

File: C:\Users\Arminas\Desktop\firmware_oem_galaxy_a52s_5g_a52sxq\extracted\vendor\firmware-modem\image\modem_pr\mcfg\configs\mcfg_sw\generic\EU\DT\Commercial\Slovakia\mcfg_sw.mbn
RKH : 959B8D0549EF41BEFABC24F51EFE84FEE366AC169AB04A0DB30C799B324FD798

C:\Users\Arminas\Desktop\firmware_oem_galaxy_a52s_5g_a52sxq\extracted\vendor\firmware-modem\image\modem_pr\mcfg\configs\mcfg_sw\generic\EU\DT\Commercial\Slovakia\mcfg_sw.mbn is a valid MBN file and is not production signed (959B8D0549EF41BEFABC24F51EFE84FEE366AC169AB04A0DB30C799B324FD798). Moving...
        1 file(s) moved.

File: C:\Users\Arminas\Desktop\firmware_oem_galaxy_a52s_5g_a52sxq\extracted\vendor\firmware-modem\image\modem_pr\mcfg\configs\mcfg_sw\generic\EU\DT\VoLTE\Commercial\mcfg_sw.mbn
RKH : 959B8D0549EF41BEFABC24F51EFE84FEE366AC169AB04A0DB30C799B324FD798

C:\Users\Arminas\Desktop\firmware_oem_galaxy_a52s_5g_a52sxq\extracted\vendor\firmware-modem\image\modem_pr\mcfg\configs\mcfg_sw\generic\EU\DT\VoLTE\Commercial\mcfg_sw.mbn is a valid MBN file and is not production signed (959B8D0549EF41BEFABC24F51EFE84FEE366AC169AB04A0DB30C799B324FD798). Moving...
        1 file(s) moved.

File: C:\Users\Arminas\Desktop\firmware_oem_galaxy_a52s_5g_a52sxq\extracted\vendor\firmware-modem\image\modem_pr\mcfg\configs\mcfg_sw\generic\EU\EE\Commercial\mcfg_sw.mbn
RKH : 959B8D0549EF41BEFABC24F51EFE84FEE366AC169AB04A0DB30C799B324FD798

C:\Users\Arminas\Desktop\firmware_oem_galaxy_a52s_5g_a52sxq\extracted\vendor\firmware-modem\image\modem_pr\mcfg\configs\mcfg_sw\generic\EU\EE\Commercial\mcfg_sw.mbn is a valid MBN file and is not production signed (959B8D0549EF41BEFABC24F51EFE84FEE366AC169AB04A0DB30C799B324FD798). Moving...
        1 file(s) moved.

File: C:\Users\Arminas\Desktop\firmware_oem_galaxy_a52s_5g_a52sxq\extracted\vendor\firmware-modem\image\modem_pr\mcfg\configs\mcfg_sw\generic\EU\Elisa\Commercial\FI\mcfg_sw.mbn
RKH : 959B8D0549EF41BEFABC24F51EFE84FEE366AC169AB04A0DB30C799B324FD798

C:\Users\Arminas\Desktop\firmware_oem_galaxy_a52s_5g_a52sxq\extracted\vendor\firmware-modem\image\modem_pr\mcfg\configs\mcfg_sw\generic\EU\Elisa\Commercial\FI\mcfg_sw.mbn is a valid MBN file and is not production signed (959B8D0549EF41BEFABC24F51EFE84FEE366AC169AB04A0DB30C799B324FD798). Moving...
        1 file(s) moved.

File: C:\Users\Arminas\Desktop\firmware_oem_galaxy_a52s_5g_a52sxq\extracted\vendor\firmware-modem\image\modem_pr\mcfg\configs\mcfg_sw\generic\EU\H3G\Commercial\Austria\mcfg_sw.mbn
RKH : 959B8D0549EF41BEFABC24F51EFE84FEE366AC169AB04A0DB30C799B324FD798

C:\Users\Arminas\Desktop\firmware_oem_galaxy_a52s_5g_a52sxq\extracted\vendor\firmware-modem\image\modem_pr\mcfg\configs\mcfg_sw\generic\EU\H3G\Commercial\Austria\mcfg_sw.mbn is a valid MBN file and is not production signed (959B8D0549EF41BEFABC24F51EFE84FEE366AC169AB04A0DB30C799B324FD798). Moving...
        1 file(s) moved.

File: C:\Users\Arminas\Desktop\firmware_oem_galaxy_a52s_5g_a52sxq\extracted\vendor\firmware-modem\image\modem_pr\mcfg\configs\mcfg_sw\generic\EU\H3G\Commercial\Denmark\mcfg_sw.mbn
RKH : 959B8D0549EF41BEFABC24F51EFE84FEE366AC169AB04A0DB30C799B324FD798

C:\Users\Arminas\Desktop\firmware_oem_galaxy_a52s_5g_a52sxq\extracted\vendor\firmware-modem\image\modem_pr\mcfg\configs\mcfg_sw\generic\EU\H3G\Commercial\Denmark\mcfg_sw.mbn is a valid MBN file and is not production signed (959B8D0549EF41BEFABC24F51EFE84FEE366AC169AB04A0DB30C799B324FD798). Moving...
        1 file(s) moved.

File: C:\Users\Arminas\Desktop\firmware_oem_galaxy_a52s_5g_a52sxq\extracted\vendor\firmware-modem\image\modem_pr\mcfg\configs\mcfg_sw\generic\EU\H3G\Commercial\Italy\mcfg_sw.mbn
RKH : 959B8D0549EF41BEFABC24F51EFE84FEE366AC169AB04A0DB30C799B324FD798

C:\Users\Arminas\Desktop\firmware_oem_galaxy_a52s_5g_a52sxq\extracted\vendor\firmware-modem\image\modem_pr\mcfg\configs\mcfg_sw\generic\EU\H3G\Commercial\Italy\mcfg_sw.mbn is a valid MBN file and is not production signed (959B8D0549EF41BEFABC24F51EFE84FEE366AC169AB04A0DB30C799B324FD798). Moving...
        1 file(s) moved.

File: C:\Users\Arminas\Desktop\firmware_oem_galaxy_a52s_5g_a52sxq\extracted\vendor\firmware-modem\image\modem_pr\mcfg\configs\mcfg_sw\generic\EU\H3G\Commercial\SE\mcfg_sw.mbn
RKH : 959B8D0549EF41BEFABC24F51EFE84FEE366AC169AB04A0DB30C799B324FD798

C:\Users\Arminas\Desktop\firmware_oem_galaxy_a52s_5g_a52sxq\extracted\vendor\firmware-modem\image\modem_pr\mcfg\configs\mcfg_sw\generic\EU\H3G\Commercial\SE\mcfg_sw.mbn is a valid MBN file and is not production signed (959B8D0549EF41BEFABC24F51EFE84FEE366AC169AB04A0DB30C799B324FD798). Moving...
        1 file(s) moved.

File: C:\Users\Arminas\Desktop\firmware_oem_galaxy_a52s_5g_a52sxq\extracted\vendor\firmware-modem\image\modem_pr\mcfg\configs\mcfg_sw\generic\EU\H3G\Commercial\UK\mcfg_sw.mbn
RKH : 959B8D0549EF41BEFABC24F51EFE84FEE366AC169AB04A0DB30C799B324FD798

C:\Users\Arminas\Desktop\firmware_oem_galaxy_a52s_5g_a52sxq\extracted\vendor\firmware-modem\image\modem_pr\mcfg\configs\mcfg_sw\generic\EU\H3G\Commercial\UK\mcfg_sw.mbn is a valid MBN file and is not production signed (959B8D0549EF41BEFABC24F51EFE84FEE366AC169AB04A0DB30C799B324FD798). Moving...
        1 file(s) moved.

File: C:\Users\Arminas\Desktop\firmware_oem_galaxy_a52s_5g_a52sxq\extracted\vendor\firmware-modem\image\modem_pr\mcfg\configs\mcfg_sw\generic\EU\Orange\Commercial\France\mcfg_sw.mbn
RKH : 959B8D0549EF41BEFABC24F51EFE84FEE366AC169AB04A0DB30C799B324FD798

C:\Users\Arminas\Desktop\firmware_oem_galaxy_a52s_5g_a52sxq\extracted\vendor\firmware-modem\image\modem_pr\mcfg\configs\mcfg_sw\generic\EU\Orange\Commercial\France\mcfg_sw.mbn is a valid MBN file and is not production signed (959B8D0549EF41BEFABC24F51EFE84FEE366AC169AB04A0DB30C799B324FD798). Moving...
        1 file(s) moved.

File: C:\Users\Arminas\Desktop\firmware_oem_galaxy_a52s_5g_a52sxq\extracted\vendor\firmware-modem\image\modem_pr\mcfg\configs\mcfg_sw\generic\EU\Orange\Commercial\Poland\mcfg_sw.mbn
RKH : 959B8D0549EF41BEFABC24F51EFE84FEE366AC169AB04A0DB30C799B324FD798

C:\Users\Arminas\Desktop\firmware_oem_galaxy_a52s_5g_a52sxq\extracted\vendor\firmware-modem\image\modem_pr\mcfg\configs\mcfg_sw\generic\EU\Orange\Commercial\Poland\mcfg_sw.mbn is a valid MBN file and is not production signed (959B8D0549EF41BEFABC24F51EFE84FEE366AC169AB04A0DB30C799B324FD798). Moving...
        1 file(s) moved.

File: C:\Users\Arminas\Desktop\firmware_oem_galaxy_a52s_5g_a52sxq\extracted\vendor\firmware-modem\image\modem_pr\mcfg\configs\mcfg_sw\generic\EU\Orange\Commercial\Romania\mcfg_sw.mbn
RKH : 959B8D0549EF41BEFABC24F51EFE84FEE366AC169AB04A0DB30C799B324FD798

C:\Users\Arminas\Desktop\firmware_oem_galaxy_a52s_5g_a52sxq\extracted\vendor\firmware-modem\image\modem_pr\mcfg\configs\mcfg_sw\generic\EU\Orange\Commercial\Romania\mcfg_sw.mbn is a valid MBN file and is not production signed (959B8D0549EF41BEFABC24F51EFE84FEE366AC169AB04A0DB30C799B324FD798). Moving...
        1 file(s) moved.

File: C:\Users\Arminas\Desktop\firmware_oem_galaxy_a52s_5g_a52sxq\extracted\vendor\firmware-modem\image\modem_pr\mcfg\configs\mcfg_sw\generic\EU\Orange\Commercial\Slovakia\mcfg_sw.mbn
RKH : 959B8D0549EF41BEFABC24F51EFE84FEE366AC169AB04A0DB30C799B324FD798

C:\Users\Arminas\Desktop\firmware_oem_galaxy_a52s_5g_a52sxq\extracted\vendor\firmware-modem\image\modem_pr\mcfg\configs\mcfg_sw\generic\EU\Orange\Commercial\Slovakia\mcfg_sw.mbn is a valid MBN file and is not production signed (959B8D0549EF41BEFABC24F51EFE84FEE366AC169AB04A0DB30C799B324FD798). Moving...
        1 file(s) moved.

File: C:\Users\Arminas\Desktop\firmware_oem_galaxy_a52s_5g_a52sxq\extracted\vendor\firmware-modem\image\modem_pr\mcfg\configs\mcfg_sw\generic\EU\Orange\Commercial\Spain\mcfg_sw.mbn
RKH : 959B8D0549EF41BEFABC24F51EFE84FEE366AC169AB04A0DB30C799B324FD798

C:\Users\Arminas\Desktop\firmware_oem_galaxy_a52s_5g_a52sxq\extracted\vendor\firmware-modem\image\modem_pr\mcfg\configs\mcfg_sw\generic\EU\Orange\Commercial\Spain\mcfg_sw.mbn is a valid MBN file and is not production signed (959B8D0549EF41BEFABC24F51EFE84FEE366AC169AB04A0DB30C799B324FD798). Moving...
        1 file(s) moved.

File: C:\Users\Arminas\Desktop\firmware_oem_galaxy_a52s_5g_a52sxq\extracted\vendor\firmware-modem\image\modem_pr\mcfg\configs\mcfg_sw\generic\EU\SFR\Commercial\FR\mcfg_sw.mbn
RKH : 959B8D0549EF41BEFABC24F51EFE84FEE366AC169AB04A0DB30C799B324FD798

C:\Users\Arminas\Desktop\firmware_oem_galaxy_a52s_5g_a52sxq\extracted\vendor\firmware-modem\image\modem_pr\mcfg\configs\mcfg_sw\generic\EU\SFR\Commercial\FR\mcfg_sw.mbn is a valid MBN file and is not production signed (959B8D0549EF41BEFABC24F51EFE84FEE366AC169AB04A0DB30C799B324FD798). Moving...
        1 file(s) moved.

File: C:\Users\Arminas\Desktop\firmware_oem_galaxy_a52s_5g_a52sxq\extracted\vendor\firmware-modem\image\modem_pr\mcfg\configs\mcfg_sw\generic\EU\Swisscom\Commercial\Swiss\mcfg_sw.mbn
RKH : 2169476B5DB4A43D2475C40CA2A3B122CECD15361F437C488D7FE785FB6E8409


File: C:\Users\Arminas\Desktop\firmware_oem_galaxy_a52s_5g_a52sxq\extracted\vendor\firmware-modem\image\modem_pr\mcfg\configs\mcfg_sw\generic\EU\TDC\Commercial\Denmark\mcfg_sw.mbn
RKH : 959B8D0549EF41BEFABC24F51EFE84FEE366AC169AB04A0DB30C799B324FD798

C:\Users\Arminas\Desktop\firmware_oem_galaxy_a52s_5g_a52sxq\extracted\vendor\firmware-modem\image\modem_pr\mcfg\configs\mcfg_sw\generic\EU\TDC\Commercial\Denmark\mcfg_sw.mbn is a valid MBN file and is not production signed (959B8D0549EF41BEFABC24F51EFE84FEE366AC169AB04A0DB30C799B324FD798). Moving...
        1 file(s) moved.

File: C:\Users\Arminas\Desktop\firmware_oem_galaxy_a52s_5g_a52sxq\extracted\vendor\firmware-modem\image\modem_pr\mcfg\configs\mcfg_sw\generic\EU\Tele2\Commercial\NL\mcfg_sw.mbn
RKH : 959B8D0549EF41BEFABC24F51EFE84FEE366AC169AB04A0DB30C799B324FD798

C:\Users\Arminas\Desktop\firmware_oem_galaxy_a52s_5g_a52sxq\extracted\vendor\firmware-modem\image\modem_pr\mcfg\configs\mcfg_sw\generic\EU\Tele2\Commercial\NL\mcfg_sw.mbn is a valid MBN file and is not production signed (959B8D0549EF41BEFABC24F51EFE84FEE366AC169AB04A0DB30C799B324FD798). Moving...
        1 file(s) moved.

File: C:\Users\Arminas\Desktop\firmware_oem_galaxy_a52s_5g_a52sxq\extracted\vendor\firmware-modem\image\modem_pr\mcfg\configs\mcfg_sw\generic\EU\Tele2\Commercial\Sweden\mcfg_sw.mbn
RKH : 959B8D0549EF41BEFABC24F51EFE84FEE366AC169AB04A0DB30C799B324FD798

C:\Users\Arminas\Desktop\firmware_oem_galaxy_a52s_5g_a52sxq\extracted\vendor\firmware-modem\image\modem_pr\mcfg\configs\mcfg_sw\generic\EU\Tele2\Commercial\Sweden\mcfg_sw.mbn is a valid MBN file and is not production signed (959B8D0549EF41BEFABC24F51EFE84FEE366AC169AB04A0DB30C799B324FD798). Moving...
        1 file(s) moved.

File: C:\Users\Arminas\Desktop\firmware_oem_galaxy_a52s_5g_a52sxq\extracted\vendor\firmware-modem\image\modem_pr\mcfg\configs\mcfg_sw\generic\EU\Telefonica\Commercial\DE\mcfg_sw.mbn
RKH : 959B8D0549EF41BEFABC24F51EFE84FEE366AC169AB04A0DB30C799B324FD798

C:\Users\Arminas\Desktop\firmware_oem_galaxy_a52s_5g_a52sxq\extracted\vendor\firmware-modem\image\modem_pr\mcfg\configs\mcfg_sw\generic\EU\Telefonica\Commercial\DE\mcfg_sw.mbn is a valid MBN file and is not production signed (959B8D0549EF41BEFABC24F51EFE84FEE366AC169AB04A0DB30C799B324FD798). Moving...
        1 file(s) moved.

File: C:\Users\Arminas\Desktop\firmware_oem_galaxy_a52s_5g_a52sxq\extracted\vendor\firmware-modem\image\modem_pr\mcfg\configs\mcfg_sw\generic\EU\Telefonica\Commercial\Spain\mcfg_sw.mbn
RKH : 959B8D0549EF41BEFABC24F51EFE84FEE366AC169AB04A0DB30C799B324FD798

C:\Users\Arminas\Desktop\firmware_oem_galaxy_a52s_5g_a52sxq\extracted\vendor\firmware-modem\image\modem_pr\mcfg\configs\mcfg_sw\generic\EU\Telefonica\Commercial\Spain\mcfg_sw.mbn is a valid MBN file and is not production signed (959B8D0549EF41BEFABC24F51EFE84FEE366AC169AB04A0DB30C799B324FD798). Moving...
        1 file(s) moved.

File: C:\Users\Arminas\Desktop\firmware_oem_galaxy_a52s_5g_a52sxq\extracted\vendor\firmware-modem\image\modem_pr\mcfg\configs\mcfg_sw\generic\EU\Telefonica\Commercial\UK\mcfg_sw.mbn
RKH : 959B8D0549EF41BEFABC24F51EFE84FEE366AC169AB04A0DB30C799B324FD798

C:\Users\Arminas\Desktop\firmware_oem_galaxy_a52s_5g_a52sxq\extracted\vendor\firmware-modem\image\modem_pr\mcfg\configs\mcfg_sw\generic\EU\Telefonica\Commercial\UK\mcfg_sw.mbn is a valid MBN file and is not production signed (959B8D0549EF41BEFABC24F51EFE84FEE366AC169AB04A0DB30C799B324FD798). Moving...
        1 file(s) moved.

File: C:\Users\Arminas\Desktop\firmware_oem_galaxy_a52s_5g_a52sxq\extracted\vendor\firmware-modem\image\modem_pr\mcfg\configs\mcfg_sw\generic\EU\Telenor\Commercial\Denmark\mcfg_sw.mbn
RKH : 959B8D0549EF41BEFABC24F51EFE84FEE366AC169AB04A0DB30C799B324FD798

C:\Users\Arminas\Desktop\firmware_oem_galaxy_a52s_5g_a52sxq\extracted\vendor\firmware-modem\image\modem_pr\mcfg\configs\mcfg_sw\generic\EU\Telenor\Commercial\Denmark\mcfg_sw.mbn is a valid MBN file and is not production signed (959B8D0549EF41BEFABC24F51EFE84FEE366AC169AB04A0DB30C799B324FD798). Moving...
        1 file(s) moved.

File: C:\Users\Arminas\Desktop\firmware_oem_galaxy_a52s_5g_a52sxq\extracted\vendor\firmware-modem\image\modem_pr\mcfg\configs\mcfg_sw\generic\EU\Telenor\Commercial\Norway\mcfg_sw.mbn
RKH : 959B8D0549EF41BEFABC24F51EFE84FEE366AC169AB04A0DB30C799B324FD798

C:\Users\Arminas\Desktop\firmware_oem_galaxy_a52s_5g_a52sxq\extracted\vendor\firmware-modem\image\modem_pr\mcfg\configs\mcfg_sw\generic\EU\Telenor\Commercial\Norway\mcfg_sw.mbn is a valid MBN file and is not production signed (959B8D0549EF41BEFABC24F51EFE84FEE366AC169AB04A0DB30C799B324FD798). Moving...
        1 file(s) moved.

File: C:\Users\Arminas\Desktop\firmware_oem_galaxy_a52s_5g_a52sxq\extracted\vendor\firmware-modem\image\modem_pr\mcfg\configs\mcfg_sw\generic\EU\Telia\Commercial\Norway\mcfg_sw.mbn
RKH : 959B8D0549EF41BEFABC24F51EFE84FEE366AC169AB04A0DB30C799B324FD798

C:\Users\Arminas\Desktop\firmware_oem_galaxy_a52s_5g_a52sxq\extracted\vendor\firmware-modem\image\modem_pr\mcfg\configs\mcfg_sw\generic\EU\Telia\Commercial\Norway\mcfg_sw.mbn is a valid MBN file and is not production signed (959B8D0549EF41BEFABC24F51EFE84FEE366AC169AB04A0DB30C799B324FD798). Moving...
        1 file(s) moved.

File: C:\Users\Arminas\Desktop\firmware_oem_galaxy_a52s_5g_a52sxq\extracted\vendor\firmware-modem\image\modem_pr\mcfg\configs\mcfg_sw\generic\EU\Telia\Commercial\Sweden\mcfg_sw.mbn
RKH : 959B8D0549EF41BEFABC24F51EFE84FEE366AC169AB04A0DB30C799B324FD798

C:\Users\Arminas\Desktop\firmware_oem_galaxy_a52s_5g_a52sxq\extracted\vendor\firmware-modem\image\modem_pr\mcfg\configs\mcfg_sw\generic\EU\Telia\Commercial\Sweden\mcfg_sw.mbn is a valid MBN file and is not production signed (959B8D0549EF41BEFABC24F51EFE84FEE366AC169AB04A0DB30C799B324FD798). Moving...
        1 file(s) moved.

File: C:\Users\Arminas\Desktop\firmware_oem_galaxy_a52s_5g_a52sxq\extracted\vendor\firmware-modem\image\modem_pr\mcfg\configs\mcfg_sw\generic\EU\TIM\Commercial\Italy\mcfg_sw.mbn
RKH : 959B8D0549EF41BEFABC24F51EFE84FEE366AC169AB04A0DB30C799B324FD798

C:\Users\Arminas\Desktop\firmware_oem_galaxy_a52s_5g_a52sxq\extracted\vendor\firmware-modem\image\modem_pr\mcfg\configs\mcfg_sw\generic\EU\TIM\Commercial\Italy\mcfg_sw.mbn is a valid MBN file and is not production signed (959B8D0549EF41BEFABC24F51EFE84FEE366AC169AB04A0DB30C799B324FD798). Moving...
        1 file(s) moved.

File: C:\Users\Arminas\Desktop\firmware_oem_galaxy_a52s_5g_a52sxq\extracted\vendor\firmware-modem\image\modem_pr\mcfg\configs\mcfg_sw\generic\EU\Vodafone\Commercial\Hungary\mcfg_sw.mbn
RKH : 959B8D0549EF41BEFABC24F51EFE84FEE366AC169AB04A0DB30C799B324FD798

C:\Users\Arminas\Desktop\firmware_oem_galaxy_a52s_5g_a52sxq\extracted\vendor\firmware-modem\image\modem_pr\mcfg\configs\mcfg_sw\generic\EU\Vodafone\Commercial\Hungary\mcfg_sw.mbn is a valid MBN file and is not production signed (959B8D0549EF41BEFABC24F51EFE84FEE366AC169AB04A0DB30C799B324FD798). Moving...
        1 file(s) moved.

File: C:\Users\Arminas\Desktop\firmware_oem_galaxy_a52s_5g_a52sxq\extracted\vendor\firmware-modem\image\modem_pr\mcfg\configs\mcfg_sw\generic\EU\Vodafone\Commercial\Ireland\mcfg_sw.mbn
RKH : 959B8D0549EF41BEFABC24F51EFE84FEE366AC169AB04A0DB30C799B324FD798

C:\Users\Arminas\Desktop\firmware_oem_galaxy_a52s_5g_a52sxq\extracted\vendor\firmware-modem\image\modem_pr\mcfg\configs\mcfg_sw\generic\EU\Vodafone\Commercial\Ireland\mcfg_sw.mbn is a valid MBN file and is not production signed (959B8D0549EF41BEFABC24F51EFE84FEE366AC169AB04A0DB30C799B324FD798). Moving...
        1 file(s) moved.

File: C:\Users\Arminas\Desktop\firmware_oem_galaxy_a52s_5g_a52sxq\extracted\vendor\firmware-modem\image\modem_pr\mcfg\configs\mcfg_sw\generic\EU\Vodafone\M2M\Commercial\Global\mcfg_sw.mbn
RKH : 959B8D0549EF41BEFABC24F51EFE84FEE366AC169AB04A0DB30C799B324FD798

C:\Users\Arminas\Desktop\firmware_oem_galaxy_a52s_5g_a52sxq\extracted\vendor\firmware-modem\image\modem_pr\mcfg\configs\mcfg_sw\generic\EU\Vodafone\M2M\Commercial\Global\mcfg_sw.mbn is a valid MBN file and is not production signed (959B8D0549EF41BEFABC24F51EFE84FEE366AC169AB04A0DB30C799B324FD798). Moving...
        1 file(s) moved.

File: C:\Users\Arminas\Desktop\firmware_oem_galaxy_a52s_5g_a52sxq\extracted\vendor\firmware-modem\image\modem_pr\mcfg\configs\mcfg_sw\generic\EU\Vodafone\Non_VoLTE\mcfg_sw.mbn
RKH : 959B8D0549EF41BEFABC24F51EFE84FEE366AC169AB04A0DB30C799B324FD798

C:\Users\Arminas\Desktop\firmware_oem_galaxy_a52s_5g_a52sxq\extracted\vendor\firmware-modem\image\modem_pr\mcfg\configs\mcfg_sw\generic\EU\Vodafone\Non_VoLTE\mcfg_sw.mbn is a valid MBN file and is not production signed (959B8D0549EF41BEFABC24F51EFE84FEE366AC169AB04A0DB30C799B324FD798). Moving...
        1 file(s) moved.

File: C:\Users\Arminas\Desktop\firmware_oem_galaxy_a52s_5g_a52sxq\extracted\vendor\firmware-modem\image\modem_pr\mcfg\configs\mcfg_sw\generic\EU\Vodafone\VoLTE\CZ\mcfg_sw.mbn
RKH : 959B8D0549EF41BEFABC24F51EFE84FEE366AC169AB04A0DB30C799B324FD798

C:\Users\Arminas\Desktop\firmware_oem_galaxy_a52s_5g_a52sxq\extracted\vendor\firmware-modem\image\modem_pr\mcfg\configs\mcfg_sw\generic\EU\Vodafone\VoLTE\CZ\mcfg_sw.mbn is a valid MBN file and is not production signed (959B8D0549EF41BEFABC24F51EFE84FEE366AC169AB04A0DB30C799B324FD798). Moving...
        1 file(s) moved.

File: C:\Users\Arminas\Desktop\firmware_oem_galaxy_a52s_5g_a52sxq\extracted\vendor\firmware-modem\image\modem_pr\mcfg\configs\mcfg_sw\generic\EU\Vodafone\VoLTE\Germany\mcfg_sw.mbn
RKH : 959B8D0549EF41BEFABC24F51EFE84FEE366AC169AB04A0DB30C799B324FD798

C:\Users\Arminas\Desktop\firmware_oem_galaxy_a52s_5g_a52sxq\extracted\vendor\firmware-modem\image\modem_pr\mcfg\configs\mcfg_sw\generic\EU\Vodafone\VoLTE\Germany\mcfg_sw.mbn is a valid MBN file and is not production signed (959B8D0549EF41BEFABC24F51EFE84FEE366AC169AB04A0DB30C799B324FD798). Moving...
        1 file(s) moved.

File: C:\Users\Arminas\Desktop\firmware_oem_galaxy_a52s_5g_a52sxq\extracted\vendor\firmware-modem\image\modem_pr\mcfg\configs\mcfg_sw\generic\EU\Vodafone\VoLTE\Italy\mcfg_sw.mbn
RKH : 959B8D0549EF41BEFABC24F51EFE84FEE366AC169AB04A0DB30C799B324FD798

C:\Users\Arminas\Desktop\firmware_oem_galaxy_a52s_5g_a52sxq\extracted\vendor\firmware-modem\image\modem_pr\mcfg\configs\mcfg_sw\generic\EU\Vodafone\VoLTE\Italy\mcfg_sw.mbn is a valid MBN file and is not production signed (959B8D0549EF41BEFABC24F51EFE84FEE366AC169AB04A0DB30C799B324FD798). Moving...
        1 file(s) moved.

File: C:\Users\Arminas\Desktop\firmware_oem_galaxy_a52s_5g_a52sxq\extracted\vendor\firmware-modem\image\modem_pr\mcfg\configs\mcfg_sw\generic\EU\Vodafone\VoLTE\Netherlands\mcfg_sw.mbn
RKH : 959B8D0549EF41BEFABC24F51EFE84FEE366AC169AB04A0DB30C799B324FD798

C:\Users\Arminas\Desktop\firmware_oem_galaxy_a52s_5g_a52sxq\extracted\vendor\firmware-modem\image\modem_pr\mcfg\configs\mcfg_sw\generic\EU\Vodafone\VoLTE\Netherlands\mcfg_sw.mbn is a valid MBN file and is not production signed (959B8D0549EF41BEFABC24F51EFE84FEE366AC169AB04A0DB30C799B324FD798). Moving...
        1 file(s) moved.

File: C:\Users\Arminas\Desktop\firmware_oem_galaxy_a52s_5g_a52sxq\extracted\vendor\firmware-modem\image\modem_pr\mcfg\configs\mcfg_sw\generic\EU\Vodafone\VoLTE\Portugal\mcfg_sw.mbn
RKH : 959B8D0549EF41BEFABC24F51EFE84FEE366AC169AB04A0DB30C799B324FD798

C:\Users\Arminas\Desktop\firmware_oem_galaxy_a52s_5g_a52sxq\extracted\vendor\firmware-modem\image\modem_pr\mcfg\configs\mcfg_sw\generic\EU\Vodafone\VoLTE\Portugal\mcfg_sw.mbn is a valid MBN file and is not production signed (959B8D0549EF41BEFABC24F51EFE84FEE366AC169AB04A0DB30C799B324FD798). Moving...
        1 file(s) moved.

File: C:\Users\Arminas\Desktop\firmware_oem_galaxy_a52s_5g_a52sxq\extracted\vendor\firmware-modem\image\modem_pr\mcfg\configs\mcfg_sw\generic\EU\Vodafone\VoLTE\SAfrica\mcfg_sw.mbn
RKH : 959B8D0549EF41BEFABC24F51EFE84FEE366AC169AB04A0DB30C799B324FD798

C:\Users\Arminas\Desktop\firmware_oem_galaxy_a52s_5g_a52sxq\extracted\vendor\firmware-modem\image\modem_pr\mcfg\configs\mcfg_sw\generic\EU\Vodafone\VoLTE\SAfrica\mcfg_sw.mbn is a valid MBN file and is not production signed (959B8D0549EF41BEFABC24F51EFE84FEE366AC169AB04A0DB30C799B324FD798). Moving...
        1 file(s) moved.

File: C:\Users\Arminas\Desktop\firmware_oem_galaxy_a52s_5g_a52sxq\extracted\vendor\firmware-modem\image\modem_pr\mcfg\configs\mcfg_sw\generic\EU\Vodafone\VoLTE\Spain\mcfg_sw.mbn
RKH : 959B8D0549EF41BEFABC24F51EFE84FEE366AC169AB04A0DB30C799B324FD798

C:\Users\Arminas\Desktop\firmware_oem_galaxy_a52s_5g_a52sxq\extracted\vendor\firmware-modem\image\modem_pr\mcfg\configs\mcfg_sw\generic\EU\Vodafone\VoLTE\Spain\mcfg_sw.mbn is a valid MBN file and is not production signed (959B8D0549EF41BEFABC24F51EFE84FEE366AC169AB04A0DB30C799B324FD798). Moving...
        1 file(s) moved.

File: C:\Users\Arminas\Desktop\firmware_oem_galaxy_a52s_5g_a52sxq\extracted\vendor\firmware-modem\image\modem_pr\mcfg\configs\mcfg_sw\generic\EU\Vodafone\VoLTE\Turkey\mcfg_sw.mbn
RKH : 959B8D0549EF41BEFABC24F51EFE84FEE366AC169AB04A0DB30C799B324FD798

C:\Users\Arminas\Desktop\firmware_oem_galaxy_a52s_5g_a52sxq\extracted\vendor\firmware-modem\image\modem_pr\mcfg\configs\mcfg_sw\generic\EU\Vodafone\VoLTE\Turkey\mcfg_sw.mbn is a valid MBN file and is not production signed (959B8D0549EF41BEFABC24F51EFE84FEE366AC169AB04A0DB30C799B324FD798). Moving...
        1 file(s) moved.

File: C:\Users\Arminas\Desktop\firmware_oem_galaxy_a52s_5g_a52sxq\extracted\vendor\firmware-modem\image\modem_pr\mcfg\configs\mcfg_sw\generic\EU\Vodafone\VoLTE\UK\mcfg_sw.mbn
RKH : 959B8D0549EF41BEFABC24F51EFE84FEE366AC169AB04A0DB30C799B324FD798

C:\Users\Arminas\Desktop\firmware_oem_galaxy_a52s_5g_a52sxq\extracted\vendor\firmware-modem\image\modem_pr\mcfg\configs\mcfg_sw\generic\EU\Vodafone\VoLTE\UK\mcfg_sw.mbn is a valid MBN file and is not production signed (959B8D0549EF41BEFABC24F51EFE84FEE366AC169AB04A0DB30C799B324FD798). Moving...
        1 file(s) moved.

File: C:\Users\Arminas\Desktop\firmware_oem_galaxy_a52s_5g_a52sxq\extracted\vendor\firmware-modem\image\modem_pr\mcfg\configs\mcfg_sw\generic\Korea\KT\Commercial_KT_LTE\mcfg_sw.mbn
RKH : 959B8D0549EF41BEFABC24F51EFE84FEE366AC169AB04A0DB30C799B324FD798

C:\Users\Arminas\Desktop\firmware_oem_galaxy_a52s_5g_a52sxq\extracted\vendor\firmware-modem\image\modem_pr\mcfg\configs\mcfg_sw\generic\Korea\KT\Commercial_KT_LTE\mcfg_sw.mbn is a valid MBN file and is not production signed (959B8D0549EF41BEFABC24F51EFE84FEE366AC169AB04A0DB30C799B324FD798). Moving...
        1 file(s) moved.

File: C:\Users\Arminas\Desktop\firmware_oem_galaxy_a52s_5g_a52sxq\extracted\vendor\firmware-modem\image\modem_pr\mcfg\configs\mcfg_sw\generic\Korea\LGU\Commercial\mcfg_sw.mbn
RKH : 959B8D0549EF41BEFABC24F51EFE84FEE366AC169AB04A0DB30C799B324FD798

C:\Users\Arminas\Desktop\firmware_oem_galaxy_a52s_5g_a52sxq\extracted\vendor\firmware-modem\image\modem_pr\mcfg\configs\mcfg_sw\generic\Korea\LGU\Commercial\mcfg_sw.mbn is a valid MBN file and is not production signed (959B8D0549EF41BEFABC24F51EFE84FEE366AC169AB04A0DB30C799B324FD798). Moving...
        1 file(s) moved.

File: C:\Users\Arminas\Desktop\firmware_oem_galaxy_a52s_5g_a52sxq\extracted\vendor\firmware-modem\image\modem_pr\mcfg\configs\mcfg_sw\generic\Korea\SKT\Commercial\mcfg_sw.mbn
RKH : 959B8D0549EF41BEFABC24F51EFE84FEE366AC169AB04A0DB30C799B324FD798

C:\Users\Arminas\Desktop\firmware_oem_galaxy_a52s_5g_a52sxq\extracted\vendor\firmware-modem\image\modem_pr\mcfg\configs\mcfg_sw\generic\Korea\SKT\Commercial\mcfg_sw.mbn is a valid MBN file and is not production signed (959B8D0549EF41BEFABC24F51EFE84FEE366AC169AB04A0DB30C799B324FD798). Moving...
        1 file(s) moved.

File: C:\Users\Arminas\Desktop\firmware_oem_galaxy_a52s_5g_a52sxq\extracted\vendor\firmware-modem\image\modem_pr\mcfg\configs\mcfg_sw\generic\NA\ATT\VoLTE\mcfg_sw.mbn
RKH : 959B8D0549EF41BEFABC24F51EFE84FEE366AC169AB04A0DB30C799B324FD798

C:\Users\Arminas\Desktop\firmware_oem_galaxy_a52s_5g_a52sxq\extracted\vendor\firmware-modem\image\modem_pr\mcfg\configs\mcfg_sw\generic\NA\ATT\VoLTE\mcfg_sw.mbn is a valid MBN file and is not production signed (959B8D0549EF41BEFABC24F51EFE84FEE366AC169AB04A0DB30C799B324FD798). Moving...
        1 file(s) moved.

File: C:\Users\Arminas\Desktop\firmware_oem_galaxy_a52s_5g_a52sxq\extracted\vendor\firmware-modem\image\modem_pr\mcfg\configs\mcfg_sw\generic\NA\Bell\Commercial\CA\mcfg_sw.mbn
RKH : 959B8D0549EF41BEFABC24F51EFE84FEE366AC169AB04A0DB30C799B324FD798

C:\Users\Arminas\Desktop\firmware_oem_galaxy_a52s_5g_a52sxq\extracted\vendor\firmware-modem\image\modem_pr\mcfg\configs\mcfg_sw\generic\NA\Bell\Commercial\CA\mcfg_sw.mbn is a valid MBN file and is not production signed (959B8D0549EF41BEFABC24F51EFE84FEE366AC169AB04A0DB30C799B324FD798). Moving...
        1 file(s) moved.

File: C:\Users\Arminas\Desktop\firmware_oem_galaxy_a52s_5g_a52sxq\extracted\vendor\firmware-modem\image\modem_pr\mcfg\configs\mcfg_sw\generic\NA\CBRS\Commercial\US\mcfg_sw.mbn
RKH : 959B8D0549EF41BEFABC24F51EFE84FEE366AC169AB04A0DB30C799B324FD798

C:\Users\Arminas\Desktop\firmware_oem_galaxy_a52s_5g_a52sxq\extracted\vendor\firmware-modem\image\modem_pr\mcfg\configs\mcfg_sw\generic\NA\CBRS\Commercial\US\mcfg_sw.mbn is a valid MBN file and is not production signed (959B8D0549EF41BEFABC24F51EFE84FEE366AC169AB04A0DB30C799B324FD798). Moving...
        1 file(s) moved.

File: C:\Users\Arminas\Desktop\firmware_oem_galaxy_a52s_5g_a52sxq\extracted\vendor\firmware-modem\image\modem_pr\mcfg\configs\mcfg_sw\generic\NA\Dish\Commercial\US\mcfg_sw.mbn
RKH : 959B8D0549EF41BEFABC24F51EFE84FEE366AC169AB04A0DB30C799B324FD798

C:\Users\Arminas\Desktop\firmware_oem_galaxy_a52s_5g_a52sxq\extracted\vendor\firmware-modem\image\modem_pr\mcfg\configs\mcfg_sw\generic\NA\Dish\Commercial\US\mcfg_sw.mbn is a valid MBN file and is not production signed (959B8D0549EF41BEFABC24F51EFE84FEE366AC169AB04A0DB30C799B324FD798). Moving...
        1 file(s) moved.

File: C:\Users\Arminas\Desktop\firmware_oem_galaxy_a52s_5g_a52sxq\extracted\vendor\firmware-modem\image\modem_pr\mcfg\configs\mcfg_sw\generic\NA\Rogers\Commercial\CA\mcfg_sw.mbn
RKH : 959B8D0549EF41BEFABC24F51EFE84FEE366AC169AB04A0DB30C799B324FD798

C:\Users\Arminas\Desktop\firmware_oem_galaxy_a52s_5g_a52sxq\extracted\vendor\firmware-modem\image\modem_pr\mcfg\configs\mcfg_sw\generic\NA\Rogers\Commercial\CA\mcfg_sw.mbn is a valid MBN file and is not production signed (959B8D0549EF41BEFABC24F51EFE84FEE366AC169AB04A0DB30C799B324FD798). Moving...
        1 file(s) moved.

File: C:\Users\Arminas\Desktop\firmware_oem_galaxy_a52s_5g_a52sxq\extracted\vendor\firmware-modem\image\modem_pr\mcfg\configs\mcfg_sw\generic\NA\Sprint\Altice\mcfg_sw.mbn
RKH : 959B8D0549EF41BEFABC24F51EFE84FEE366AC169AB04A0DB30C799B324FD798

C:\Users\Arminas\Desktop\firmware_oem_galaxy_a52s_5g_a52sxq\extracted\vendor\firmware-modem\image\modem_pr\mcfg\configs\mcfg_sw\generic\NA\Sprint\Altice\mcfg_sw.mbn is a valid MBN file and is not production signed (959B8D0549EF41BEFABC24F51EFE84FEE366AC169AB04A0DB30C799B324FD798). Moving...
        1 file(s) moved.

File: C:\Users\Arminas\Desktop\firmware_oem_galaxy_a52s_5g_a52sxq\extracted\vendor\firmware-modem\image\modem_pr\mcfg\configs\mcfg_sw\generic\NA\Sprint\Commercial\mcfg_sw.mbn
RKH : 959B8D0549EF41BEFABC24F51EFE84FEE366AC169AB04A0DB30C799B324FD798

C:\Users\Arminas\Desktop\firmware_oem_galaxy_a52s_5g_a52sxq\extracted\vendor\firmware-modem\image\modem_pr\mcfg\configs\mcfg_sw\generic\NA\Sprint\Commercial\mcfg_sw.mbn is a valid MBN file and is not production signed (959B8D0549EF41BEFABC24F51EFE84FEE366AC169AB04A0DB30C799B324FD798). Moving...
        1 file(s) moved.

File: C:\Users\Arminas\Desktop\firmware_oem_galaxy_a52s_5g_a52sxq\extracted\vendor\firmware-modem\image\modem_pr\mcfg\configs\mcfg_sw\generic\NA\TMO\Commercial\mcfg_sw.mbn
RKH : 959B8D0549EF41BEFABC24F51EFE84FEE366AC169AB04A0DB30C799B324FD798

C:\Users\Arminas\Desktop\firmware_oem_galaxy_a52s_5g_a52sxq\extracted\vendor\firmware-modem\image\modem_pr\mcfg\configs\mcfg_sw\generic\NA\TMO\Commercial\mcfg_sw.mbn is a valid MBN file and is not production signed (959B8D0549EF41BEFABC24F51EFE84FEE366AC169AB04A0DB30C799B324FD798). Moving...
        1 file(s) moved.

File: C:\Users\Arminas\Desktop\firmware_oem_galaxy_a52s_5g_a52sxq\extracted\vendor\firmware-modem\image\modem_pr\mcfg\configs\mcfg_sw\generic\NA\USCC\Commercial\mcfg_sw.mbn
RKH : 959B8D0549EF41BEFABC24F51EFE84FEE366AC169AB04A0DB30C799B324FD798

C:\Users\Arminas\Desktop\firmware_oem_galaxy_a52s_5g_a52sxq\extracted\vendor\firmware-modem\image\modem_pr\mcfg\configs\mcfg_sw\generic\NA\USCC\Commercial\mcfg_sw.mbn is a valid MBN file and is not production signed (959B8D0549EF41BEFABC24F51EFE84FEE366AC169AB04A0DB30C799B324FD798). Moving...
        1 file(s) moved.

File: C:\Users\Arminas\Desktop\firmware_oem_galaxy_a52s_5g_a52sxq\extracted\vendor\firmware-modem\image\modem_pr\mcfg\configs\mcfg_sw\generic\NA\Verizon\hVoLTE\mcfg_sw.mbn
RKH : 959B8D0549EF41BEFABC24F51EFE84FEE366AC169AB04A0DB30C799B324FD798

C:\Users\Arminas\Desktop\firmware_oem_galaxy_a52s_5g_a52sxq\extracted\vendor\firmware-modem\image\modem_pr\mcfg\configs\mcfg_sw\generic\NA\Verizon\hVoLTE\mcfg_sw.mbn is a valid MBN file and is not production signed (959B8D0549EF41BEFABC24F51EFE84FEE366AC169AB04A0DB30C799B324FD798). Moving...
        1 file(s) moved.

File: C:\Users\Arminas\Desktop\firmware_oem_galaxy_a52s_5g_a52sxq\extracted\vendor\firmware-modem\image\modem_pr\so\544_0_0.mbn
RKH : 2169476B5DB4A43D2475C40CA2A3B122CECD15361F437C488D7FE785FB6E8409


File: C:\Users\Arminas\Desktop\firmware_oem_galaxy_a52s_5g_a52sxq\extracted\vendor\firmware-modem\image\modem_pr\so\544_1_0.mbn
RKH : 2169476B5DB4A43D2475C40CA2A3B122CECD15361F437C488D7FE785FB6E8409


File: C:\Users\Arminas\Desktop\firmware_oem_galaxy_a52s_5g_a52sxq\extracted\vendor\firmware-modem\image\modem_pr\so\544_2_0.mbn
RKH : 2169476B5DB4A43D2475C40CA2A3B122CECD15361F437C488D7FE785FB6E8409


File: C:\Users\Arminas\Desktop\firmware_oem_galaxy_a52s_5g_a52sxq\extracted\vendor\firmware-modem\image\modem_pr\so\544_3_0.mbn
RKH : 2169476B5DB4A43D2475C40CA2A3B122CECD15361F437C488D7FE785FB6E8409


File: C:\Users\Arminas\Desktop\firmware_oem_galaxy_a52s_5g_a52sxq\extracted\vendor\firmware-modem\image\modem_pr\so\544_4_0.mbn
RKH : 2169476B5DB4A43D2475C40CA2A3B122CECD15361F437C488D7FE785FB6E8409


File: C:\Users\Arminas\Desktop\firmware_oem_galaxy_a52s_5g_a52sxq\extracted\vendor\firmware_mnt\image\rtic.mbn
RKH : FAIL!


File: C:\Users\Arminas\Desktop\firmware_oem_galaxy_a52s_5g_a52sxq\extracted\vendor\firmware_mnt\image\widevine.mbn
RKH : 2169476B5DB4A43D2475C40CA2A3B122CECD15361F437C488D7FE785FB6E8409

Checking ELF files validity... (This may take a while!)

File: C:\Users\Arminas\Desktop\firmware_oem_galaxy_a52s_5g_a52sxq\extracted\vendor\firmware\CAMERA_ICP.elf
RKH : FAIL!


File: C:\Users\Arminas\Desktop\firmware_oem_galaxy_a52s_5g_a52sxq\extracted\vendor\firmware\CAMERA_ICP_170.elf
RKH : FAIL!


File: C:\Users\Arminas\Desktop\firmware_oem_galaxy_a52s_5g_a52sxq\extracted\vendor\firmware\ipa_fws.elf
RKH : 959B8D0549EF41BEFABC24F51EFE84FEE366AC169AB04A0DB30C799B324FD798

C:\Users\Arminas\Desktop\firmware_oem_galaxy_a52s_5g_a52sxq\extracted\vendor\firmware\ipa_fws.elf is a valid MBN file and is not production signed (959B8D0549EF41BEFABC24F51EFE84FEE366AC169AB04A0DB30C799B324FD798). Moving...
A subdirectory or file unsigned\\extracted\vendor\firmware\ already exists.
        1 file(s) moved.

File: C:\Users\Arminas\Desktop\firmware_oem_galaxy_a52s_5g_a52sxq\extracted\vendor\firmware\yupik_ipa_fws.elf
RKH : 959B8D0549EF41BEFABC24F51EFE84FEE366AC169AB04A0DB30C799B324FD798

C:\Users\Arminas\Desktop\firmware_oem_galaxy_a52s_5g_a52sxq\extracted\vendor\firmware\yupik_ipa_fws.elf is a valid MBN file and is not production signed (959B8D0549EF41BEFABC24F51EFE84FEE366AC169AB04A0DB30C799B324FD798). Moving...
A subdirectory or file unsigned\\extracted\vendor\firmware\ already exists.
        1 file(s) moved.

File: C:\Users\Arminas\Desktop\firmware_oem_galaxy_a52s_5g_a52sxq\extracted\vendor\firmware\qca6750\bdwlan.elf
RKH : FAIL!


File: C:\Users\Arminas\Desktop\firmware_oem_galaxy_a52s_5g_a52sxq\extracted\vendor\firmware\qca6750\bdwlan.elf10
RKH : FAIL!


File: C:\Users\Arminas\Desktop\firmware_oem_galaxy_a52s_5g_a52sxq\extracted\vendor\firmware\qca6750\bdwlan.elf1
RKH : FAIL!


File: C:\Users\Arminas\Desktop\firmware_oem_galaxy_a52s_5g_a52sxq\extracted\vendor\firmware\qca6750\bdwlan.elf2
RKH : FAIL!

Checking BIN files validity... (This may take a while!)

File: C:\Users\Arminas\Desktop\firmware_oem_galaxy_a52s_5g_a52sxq\extracted\vendor\etc\plmn_delta.bin
RKH : EXCEPTION!


File: C:\Users\Arminas\Desktop\firmware_oem_galaxy_a52s_5g_a52sxq\extracted\vendor\etc\plmn_delta_attaio.bin
RKH : EXCEPTION!


File: C:\Users\Arminas\Desktop\firmware_oem_galaxy_a52s_5g_a52sxq\extracted\vendor\etc\plmn_delta_hktw.bin
RKH : EXCEPTION!


File: C:\Users\Arminas\Desktop\firmware_oem_galaxy_a52s_5g_a52sxq\extracted\vendor\etc\plmn_delta_usagsm.bin
RKH : EXCEPTION!


File: C:\Users\Arminas\Desktop\firmware_oem_galaxy_a52s_5g_a52sxq\extracted\vendor\etc\plmn_se13.bin
RKH : EXCEPTION!


File: C:\Users\Arminas\Desktop\firmware_oem_galaxy_a52s_5g_a52sxq\extracted\vendor\etc\snaplite_cache.bin
RKH : FAIL!


File: C:\Users\Arminas\Desktop\firmware_oem_galaxy_a52s_5g_a52sxq\extracted\vendor\etc\snap_gpu_kernel_64.bin
RKH : FAIL!


File: C:\Users\Arminas\Desktop\firmware_oem_galaxy_a52s_5g_a52sxq\extracted\vendor\etc\locale\plmn_delta_eng.bin
RKH : EXCEPTION!


File: C:\Users\Arminas\Desktop\firmware_oem_galaxy_a52s_5g_a52sxq\extracted\vendor\etc\locale\plmn_delta_zh-rCN.bin
RKH : EXCEPTION!


File: C:\Users\Arminas\Desktop\firmware_oem_galaxy_a52s_5g_a52sxq\extracted\vendor\etc\locale\plmn_delta_zh-rHK.bin
RKH : EXCEPTION!


File: C:\Users\Arminas\Desktop\firmware_oem_galaxy_a52s_5g_a52sxq\extracted\vendor\etc\locale\plmn_delta_zh-rTW.bin
RKH : EXCEPTION!


File: C:\Users\Arminas\Desktop\firmware_oem_galaxy_a52s_5g_a52sxq\extracted\vendor\etc\nfc\sec_s3nrn4v_hwreg.bin
RKH : FAIL!


File: C:\Users\Arminas\Desktop\firmware_oem_galaxy_a52s_5g_a52sxq\extracted\vendor\etc\nfc\sec_s3nrn4v_swreg.bin
RKH : EXCEPTION!


File: C:\Users\Arminas\Desktop\firmware_oem_galaxy_a52s_5g_a52sxq\extracted\vendor\etc\saiv\gae\MeanFea.bin
RKH : EXCEPTION!


File: C:\Users\Arminas\Desktop\firmware_oem_galaxy_a52s_5g_a52sxq\extracted\vendor\etc\saiv\gae\ParaFea.bin
RKH : EXCEPTION!


File: C:\Users\Arminas\Desktop\firmware_oem_galaxy_a52s_5g_a52sxq\extracted\vendor\etc\saiv\gae\PmAgeFeatSelIdx.bin
RKH : EXCEPTION!


File: C:\Users\Arminas\Desktop\firmware_oem_galaxy_a52s_5g_a52sxq\extracted\vendor\etc\saiv\gae\PmAgeModel.bin
RKH : FAIL!


File: C:\Users\Arminas\Desktop\firmware_oem_galaxy_a52s_5g_a52sxq\extracted\vendor\etc\saiv\gae\PmExpFeatSelIdx.bin
RKH : EXCEPTION!


File: C:\Users\Arminas\Desktop\firmware_oem_galaxy_a52s_5g_a52sxq\extracted\vendor\etc\saiv\gae\PmExpModel.bin
RKH : EXCEPTION!


File: C:\Users\Arminas\Desktop\firmware_oem_galaxy_a52s_5g_a52sxq\extracted\vendor\etc\saiv\gae\PmGenderFeatSelIdx.bin
RKH : EXCEPTION!


File: C:\Users\Arminas\Desktop\firmware_oem_galaxy_a52s_5g_a52sxq\extracted\vendor\etc\saiv\gae\PmGenModel.bin
RKH : FAIL!


File: C:\Users\Arminas\Desktop\firmware_oem_galaxy_a52s_5g_a52sxq\extracted\vendor\etc\wifi\aoa_cldb_falcon.bin
RKH : EXCEPTION!


File: C:\Users\Arminas\Desktop\firmware_oem_galaxy_a52s_5g_a52sxq\extracted\vendor\etc\wifi\aoa_cldb_swl14.bin
RKH : EXCEPTION!


File: C:\Users\Arminas\Desktop\firmware_oem_galaxy_a52s_5g_a52sxq\extracted\vendor\firmware\a660_gmu.bin
RKH : FAIL!


File: C:\Users\Arminas\Desktop\firmware_oem_galaxy_a52s_5g_a52sxq\extracted\vendor\firmware\dax_param.bin
RKH : EXCEPTION!


File: C:\Users\Arminas\Desktop\firmware_oem_galaxy_a52s_5g_a52sxq\extracted\vendor\firmware\msnv11.bin
RKH : EXCEPTION!


File: C:\Users\Arminas\Desktop\firmware_oem_galaxy_a52s_5g_a52sxq\extracted\vendor\firmware\multical.bin
RKH : FAIL!


File: C:\Users\Arminas\Desktop\firmware_oem_galaxy_a52s_5g_a52sxq\extracted\vendor\firmware\ois_mcu_stm32g_fw.bin
RKH : FAIL!


File: C:\Users\Arminas\Desktop\firmware_oem_galaxy_a52s_5g_a52sxq\extracted\vendor\firmware\nfc\sec_s3nrn4v_firmware.bin
RKH : EXCEPTION!


File: C:\Users\Arminas\Desktop\firmware_oem_galaxy_a52s_5g_a52sxq\extracted\vendor\firmware\qca6750\regdb.bin
RKH : EXCEPTION!


File: C:\Users\Arminas\Desktop\firmware_oem_galaxy_a52s_5g_a52sxq\extracted\vendor\firmware\tsp_stm\fts5cu56a_a52sxq.bin
RKH : EXCEPTION!


File: C:\Users\Arminas\Desktop\firmware_oem_galaxy_a52s_5g_a52sxq\extracted\vendor\firmware\wlan\qca_cld\qca6750\wlan_mac.bin
RKH : EXCEPTION!


File: C:\Users\Arminas\Desktop\firmware_oem_galaxy_a52s_5g_a52sxq\extracted\vendor\firmware\wlan\qca_cld\wlan\wlan_mac.bin
RKH : EXCEPTION!


File: C:\Users\Arminas\Desktop\firmware_oem_galaxy_a52s_5g_a52sxq\extracted\vendor\firmware-modem\$recycle.bin
RKH : FAIL!


File: C:\Users\Arminas\Desktop\firmware_oem_galaxy_a52s_5g_a52sxq\extracted\vendor\gpu\kbc\sequence_manifest.bin
RKH : FAIL!


File: C:\Users\Arminas\Desktop\firmware_oem_galaxy_a52s_5g_a52sxq\extracted\vendor\gpu\kbc\unified_kbcs_32.bin
RKH : FAIL!


File: C:\Users\Arminas\Desktop\firmware_oem_galaxy_a52s_5g_a52sxq\extracted\vendor\gpu\kbc\unified_kbcs_64.bin
RKH : FAIL!


File: C:\Users\Arminas\Desktop\firmware_oem_galaxy_a52s_5g_a52sxq\extracted\vendor\gpu\kbc\unified_ksqs.bin
RKH : FAIL!


File: C:\Users\Arminas\Desktop\firmware_oem_galaxy_a52s_5g_a52sxq\extracted\vendor\lib\camera\com.qti.tuned.default.bin
RKH : EXCEPTION!


File: C:\Users\Arminas\Desktop\firmware_oem_galaxy_a52s_5g_a52sxq\extracted\vendor\lib\camera\com.samsung.sensormodule.0_0_lsi_s5kgw1p.bin
RKH : EXCEPTION!


File: C:\Users\Arminas\Desktop\firmware_oem_galaxy_a52s_5g_a52sxq\extracted\vendor\lib\camera\com.samsung.sensormodule.0_0_lsi_s5kgw1p_otp.bin
RKH : EXCEPTION!


File: C:\Users\Arminas\Desktop\firmware_oem_galaxy_a52s_5g_a52sxq\extracted\vendor\lib\camera\com.samsung.sensormodule.0_1_sony_imx682.bin
RKH : EXCEPTION!


File: C:\Users\Arminas\Desktop\firmware_oem_galaxy_a52s_5g_a52sxq\extracted\vendor\lib\camera\com.samsung.sensormodule.13_0_lsi_s5kgd2_full.bin
RKH : EXCEPTION!


File: C:\Users\Arminas\Desktop\firmware_oem_galaxy_a52s_5g_a52sxq\extracted\vendor\lib\camera\com.samsung.sensormodule.13_0_lsi_s5kgd2_full_otp.bin
RKH : EXCEPTION!


File: C:\Users\Arminas\Desktop\firmware_oem_galaxy_a52s_5g_a52sxq\extracted\vendor\lib\camera\com.samsung.sensormodule.13_1_sony_imx616_full.bin
RKH : EXCEPTION!


File: C:\Users\Arminas\Desktop\firmware_oem_galaxy_a52s_5g_a52sxq\extracted\vendor\lib\camera\com.samsung.sensormodule.1_0_lsi_s5kgd2.bin
RKH : EXCEPTION!


File: C:\Users\Arminas\Desktop\firmware_oem_galaxy_a52s_5g_a52sxq\extracted\vendor\lib\camera\com.samsung.sensormodule.1_0_lsi_s5kgd2_otp.bin
RKH : EXCEPTION!


File: C:\Users\Arminas\Desktop\firmware_oem_galaxy_a52s_5g_a52sxq\extracted\vendor\lib\camera\com.samsung.sensormodule.1_1_sony_imx616.bin
RKH : EXCEPTION!


File: C:\Users\Arminas\Desktop\firmware_oem_galaxy_a52s_5g_a52sxq\extracted\vendor\lib\camera\com.samsung.sensormodule.2_lsi_s5k3l6.bin
RKH : EXCEPTION!


File: C:\Users\Arminas\Desktop\firmware_oem_galaxy_a52s_5g_a52sxq\extracted\vendor\lib\camera\com.samsung.sensormodule.3_lsi_gc5035.bin
RKH : EXCEPTION!


File: C:\Users\Arminas\Desktop\firmware_oem_galaxy_a52s_5g_a52sxq\extracted\vendor\lib\camera\com.samsung.sensormodule.4_lsi_gc5035_macro.bin
RKH : EXCEPTION!


File: C:\Users\Arminas\Desktop\firmware_oem_galaxy_a52s_5g_a52sxq\extracted\vendor\lib\camera\com.samsung.tuned.lsi_gc5035.bin
RKH : EXCEPTION!


File: C:\Users\Arminas\Desktop\firmware_oem_galaxy_a52s_5g_a52sxq\extracted\vendor\lib\camera\com.samsung.tuned.lsi_gc5035_macro.bin
RKH : EXCEPTION!


File: C:\Users\Arminas\Desktop\firmware_oem_galaxy_a52s_5g_a52sxq\extracted\vendor\lib\camera\com.samsung.tuned.lsi_s5k3l6.bin
RKH : EXCEPTION!


File: C:\Users\Arminas\Desktop\firmware_oem_galaxy_a52s_5g_a52sxq\extracted\vendor\lib\camera\com.samsung.tuned.lsi_s5kgd2.bin
RKH : EXCEPTION!


File: C:\Users\Arminas\Desktop\firmware_oem_galaxy_a52s_5g_a52sxq\extracted\vendor\lib\camera\com.samsung.tuned.lsi_s5kgw1p.bin
RKH : EXCEPTION!


File: C:\Users\Arminas\Desktop\firmware_oem_galaxy_a52s_5g_a52sxq\extracted\vendor\lib\camera\com.samsung.tuned.sony_imx616.bin
RKH : EXCEPTION!


File: C:\Users\Arminas\Desktop\firmware_oem_galaxy_a52s_5g_a52sxq\extracted\vendor\lib\camera\com.samsung.tuned.sony_imx682.bin
RKH : EXCEPTION!


File: C:\Users\Arminas\Desktop\firmware_oem_galaxy_a52s_5g_a52sxq\extracted\vendor\lib\rfsa\adsp\bm2n06.bin
RKH : EXCEPTION!


File: C:\Users\Arminas\Desktop\firmware_oem_galaxy_a52s_5g_a52sxq\extracted\vendor\lib\rfsa\adsp\bm2n08.bin
RKH : EXCEPTION!


File: C:\Users\Arminas\Desktop\firmware_oem_galaxy_a52s_5g_a52sxq\extracted\vendor\lib\rfsa\adsp\bm2n12.bin
RKH : EXCEPTION!


File: C:\Users\Arminas\Desktop\firmware_oem_galaxy_a52s_5g_a52sxq\extracted\vendor\lib64\camera\com.qti.tuned.default.bin
RKH : EXCEPTION!


File: C:\Users\Arminas\Desktop\firmware_oem_galaxy_a52s_5g_a52sxq\extracted\vendor\lib64\camera\com.samsung.sensormodule.0_0_lsi_s5kgw1p.bin
RKH : EXCEPTION!


File: C:\Users\Arminas\Desktop\firmware_oem_galaxy_a52s_5g_a52sxq\extracted\vendor\lib64\camera\com.samsung.sensormodule.0_0_lsi_s5kgw1p_otp.bin
RKH : EXCEPTION!


File: C:\Users\Arminas\Desktop\firmware_oem_galaxy_a52s_5g_a52sxq\extracted\vendor\lib64\camera\com.samsung.sensormodule.0_1_sony_imx682.bin
RKH : EXCEPTION!


File: C:\Users\Arminas\Desktop\firmware_oem_galaxy_a52s_5g_a52sxq\extracted\vendor\lib64\camera\com.samsung.sensormodule.13_0_lsi_s5kgd2_full.bin
RKH : EXCEPTION!


File: C:\Users\Arminas\Desktop\firmware_oem_galaxy_a52s_5g_a52sxq\extracted\vendor\lib64\camera\com.samsung.sensormodule.13_0_lsi_s5kgd2_full_otp.bin
RKH : EXCEPTION!


File: C:\Users\Arminas\Desktop\firmware_oem_galaxy_a52s_5g_a52sxq\extracted\vendor\lib64\camera\com.samsung.sensormodule.13_1_sony_imx616_full.bin
RKH : EXCEPTION!


File: C:\Users\Arminas\Desktop\firmware_oem_galaxy_a52s_5g_a52sxq\extracted\vendor\lib64\camera\com.samsung.sensormodule.1_0_lsi_s5kgd2.bin
RKH : EXCEPTION!


File: C:\Users\Arminas\Desktop\firmware_oem_galaxy_a52s_5g_a52sxq\extracted\vendor\lib64\camera\com.samsung.sensormodule.1_0_lsi_s5kgd2_otp.bin
RKH : EXCEPTION!


File: C:\Users\Arminas\Desktop\firmware_oem_galaxy_a52s_5g_a52sxq\extracted\vendor\lib64\camera\com.samsung.sensormodule.1_1_sony_imx616.bin
RKH : EXCEPTION!


File: C:\Users\Arminas\Desktop\firmware_oem_galaxy_a52s_5g_a52sxq\extracted\vendor\lib64\camera\com.samsung.sensormodule.2_lsi_s5k3l6.bin
RKH : EXCEPTION!


File: C:\Users\Arminas\Desktop\firmware_oem_galaxy_a52s_5g_a52sxq\extracted\vendor\lib64\camera\com.samsung.sensormodule.3_lsi_gc5035.bin
RKH : EXCEPTION!


File: C:\Users\Arminas\Desktop\firmware_oem_galaxy_a52s_5g_a52sxq\extracted\vendor\lib64\camera\com.samsung.sensormodule.4_lsi_gc5035_macro.bin
RKH : EXCEPTION!


File: C:\Users\Arminas\Desktop\firmware_oem_galaxy_a52s_5g_a52sxq\extracted\vendor\lib64\camera\com.samsung.tuned.lsi_gc5035.bin
RKH : EXCEPTION!


File: C:\Users\Arminas\Desktop\firmware_oem_galaxy_a52s_5g_a52sxq\extracted\vendor\lib64\camera\com.samsung.tuned.lsi_gc5035_macro.bin
RKH : EXCEPTION!


File: C:\Users\Arminas\Desktop\firmware_oem_galaxy_a52s_5g_a52sxq\extracted\vendor\lib64\camera\com.samsung.tuned.lsi_s5k3l6.bin
RKH : EXCEPTION!


File: C:\Users\Arminas\Desktop\firmware_oem_galaxy_a52s_5g_a52sxq\extracted\vendor\lib64\camera\com.samsung.tuned.lsi_s5kgd2.bin
RKH : EXCEPTION!


File: C:\Users\Arminas\Desktop\firmware_oem_galaxy_a52s_5g_a52sxq\extracted\vendor\lib64\camera\com.samsung.tuned.lsi_s5kgw1p.bin
RKH : EXCEPTION!


File: C:\Users\Arminas\Desktop\firmware_oem_galaxy_a52s_5g_a52sxq\extracted\vendor\lib64\camera\com.samsung.tuned.sony_imx616.bin
RKH : EXCEPTION!


File: C:\Users\Arminas\Desktop\firmware_oem_galaxy_a52s_5g_a52sxq\extracted\vendor\lib64\camera\com.samsung.tuned.sony_imx682.bin
RKH : EXCEPTION!


File: C:\Users\Arminas\Desktop\firmware_oem_galaxy_a52s_5g_a52sxq\extracted\vendor\lib64\camera\f_dual_calibration.bin
RKH : EXCEPTION!


File: C:\Users\Arminas\Desktop\firmware_oem_galaxy_a52s_5g_a52sxq\extracted\vendor\lib64\camera\t_t10_dual_calibration.bin
RKH : EXCEPTION!


File: C:\Users\Arminas\Desktop\firmware_oem_galaxy_a52s_5g_a52sxq\extracted\vendor\lib64\camera\uw_dual_calibration.bin
RKH : EXCEPTION!


File: C:\Users\Arminas\Desktop\firmware_oem_galaxy_a52s_5g_a52sxq\extracted\vendor\lib64\camera\w_dual_calibration.bin
RKH : EXCEPTION!

Checking IMG files validity... (This may take a while!)
File Not Found
A subdirectory or file output already exists.
Copying ADSP Protection Domain Registry Config files...
1 File(s) copied
1 File(s) copied
1 File(s) copied
Copying ADSP lib files...
20 File(s) copied
35 File(s) copied
Generating ADSP FASTRPC INF Configuration...
Copying CDSP Protection Domain Registry Config files...
1 File(s) copied
Copying CDSP lib files...
28 File(s) copied
Generating CDSP FASTRPC INF Configuration...
File not found - evass.mbn
0 File(s) copied
1 File(s) copied
File not found - ipa_fws.elf
0 File(s) copied
Generating MCFG TFTP INF Configuration...
1 File(s) copied
Copying MPSS Protection Domain Registry Config files...
1 File(s) copied
Copying Blueooth Firmware Files...
File not found - msbtfw11.mbn
0 File(s) copied
1 File(s) copied
1 File(s) copied
4 File(s) copied
1 File(s) copied
1 File(s) copied
1 File(s) copied
1 File(s) copied
39 File(s) copied
Generating SLPI FASTRPC INF Configuration...
        1 file(s) moved.
93 File(s) copied
1 File(s) copied
Copying widevine (n=widevine;p=8:c47728cf3e4089,5a:24,82:68048,b4,32b,4b1,dac;s=dac) QSEE Applet...
1 File(s) copied